<?xml version="1.0" encoding="UTF-8"?>
<!-- Generated by org.testng.reporters.JUnitReportReporter -->
<testsuite hostname="TOSHIBA-PC" failures="0" tests="2" name="testcases.AddCustomerTest" time="31.384" errors="0" timestamp="15 Mar 2023 15:05:34 GMT" skipped="0">
  <testcase classname="testcases.AddCustomerTest" name="addCustomerTest" time="15.861"/>
  <testcase classname="testcases.AddCustomerTest" name="addCustomerTest" time="15.523"/>
</testsuite> <!-- testcases.AddCustomerTest -->
