<?xml version="1.0" encoding="UTF-8"?>
<!-- Generated by org.testng.reporters.JUnitReportReporter -->
<testsuite hostname="TOSHIBA-PC" failures="0" tests="1" name="testcases.CustomerLoginTest" time="84.552" errors="0" timestamp="12 Mar 2023 14:46:31 GMT" skipped="0">
  <testcase classname="testcases.CustomerLoginTest" name="customerLoginTest" time="84.552"/>
</testsuite> <!-- testcases.CustomerLoginTest -->
