<?xml version="1.0" encoding="UTF-8"?>
<!-- Generated by org.testng.reporters.JUnitReportReporter -->
<testsuite hostname="TOSHIBA-PC" failures="0" tests="1" name="testcases.BankManagerLoginTest" time="28.656" errors="0" timestamp="12 Mar 2023 14:46:31 GMT" skipped="0">
  <testcase classname="testcases.BankManagerLoginTest" name="bankManagerLoginTest" time="28.656"/>
</testsuite> <!-- testcases.BankManagerLoginTest -->
