<?xml version="1.0" encoding="UTF-8"?>
<!-- Generated by org.testng.reporters.JUnitReportReporter -->
<testsuite hostname="TOSHIBA-PC" failures="0" tests="1" name="testcases.OpenAccountTest" time="21.959" errors="0" timestamp="13 Mar 2023 09:50:30 GMT" skipped="0">
  <testcase classname="testcases.OpenAccountTest" name="openAccountTest" time="21.959"/>
</testsuite> <!-- testcases.OpenAccountTest -->
